Building DAG of jobs...
Using shell: /bin/bash
Provided cores: 5
Rules claiming more threads will be scaled down.
Job counts:
	count	jobs
	1	try
	1

[Thu Feb 18 11:35:15 2021]
rule try:
    input: bioinf.nl/~fennaf/snakemake/test.txt
    output: test.txt
    jobid: 0

Downloading from remote: bioinf.nl/~fennaf/snakemake/test.txt
Finished download.
Removing local copy of remote file: bioinf.nl/~fennaf/snakemake/test.txt
[Thu Feb 18 11:35:16 2021]
Finished job 0.
1 of 1 steps (100%) done
Complete log: /Users/bengels/Desktop/Thema11_application_design/dataprocessing/Dataprocessing/Dataprocessing_les3/.snakemake/log/2021-02-18T113514.651353.snakemake.log
